<?xml version="1.0" encoding="UTF-8"?>
<testng-results ignored="0" total="1" passed="1" failed="0" skipped="0">
  <reporter-output>
  </reporter-output>
  <suite started-at="2021-06-12T10:26:19Z" name="Default suite" finished-at="2021-06-12T10:26:20Z" duration-ms="710">
    <groups>
    </groups>
    <test started-at="2021-06-12T10:26:19Z" name="Default test" finished-at="2021-06-12T10:26:20Z" duration-ms="710">
      <class name="com.qa.tests.GetApiTest">
        <test-method is-config="true" signature="setUp()[pri:0, instance:com.qa.tests.GetApiTest@704deff2]" started-at="2021-06-12T10:26:19Z" name="setUp" finished-at="2021-06-12T10:26:19Z" duration-ms="7" status="PASS">
          <reporter-output>
          </reporter-output>
        </test-method> <!-- setUp -->
        <test-method signature="getTest()[pri:0, instance:com.qa.tests.GetApiTest@704deff2]" started-at="2021-06-12T10:26:19Z" name="getTest" finished-at="2021-06-12T10:26:20Z" duration-ms="673" status="PASS">
          <reporter-output>
          </reporter-output>
        </test-method> <!-- getTest -->
      </class> <!-- com.qa.tests.GetApiTest -->
    </test> <!-- Default test -->
  </suite> <!-- Default suite -->
</testng-results>
